2019-07-21 11:24:10 INFO  TestBase:134 - navigating to :-file:///Users/bsingh5/git/POMWithPageFactoryFramework/project/demoSite.htm
2019-07-21 11:24:23 INFO  TestBase:285 - browser closed
2019-07-21 12:29:11 INFO  TestBase:134 - navigating to :-https://www.mashreqbank.com/uae/en/personal/home
2019-07-21 12:29:51 INFO  TestBase:285 - browser closed
2019-07-21 12:41:45 INFO  TestBase:134 - navigating to :-https://www.mashreqbank.com/uae/en/personal/home
2019-07-21 12:42:29 INFO  TestBase:285 - browser closed
2019-07-21 12:52:02 INFO  TestBase:140 - navigating to :-https://www.mashreqbank.com/uae/en/personal/home
2019-07-21 12:52:35 INFO  TestBase:291 - browser closed
2019-07-21 12:59:04 INFO  TestBase:140 - navigating to :-https://www.mashreqbank.com/uae/en/personal/home
2019-07-21 12:59:38 INFO  TestBase:26 - =======Starting verifylinks test========
2019-07-21 12:59:38 INFO  TestBase:34 - =======Finished verifylink test========
2019-07-21 12:59:39 INFO  TestBase:291 - browser closed
2019-07-21 13:02:58 INFO  TestBase:140 - navigating to :-https://www.mashreqbank.com/uae/en/personal/home
2019-07-21 13:03:41 INFO  TestBase:26 - =======Starting verifylinks test========
2019-07-21 13:03:41 INFO  TestBase:34 - =======Finished verifylink test========
2019-07-21 13:03:42 INFO  TestBase:291 - browser closed
2019-07-21 13:07:34 INFO  TestBase:140 - navigating to :-https://www.mashreqbank.com/uae/en/personal/home
2019-07-21 13:08:14 INFO  TestBase:26 - =======Starting verifylinks test========
2019-07-21 13:08:15 INFO  TestBase:34 - =======Finished verifylink test========
2019-07-21 13:08:16 INFO  TestBase:291 - browser closed
2019-07-21 13:10:11 INFO  TestBase:140 - navigating to :-https://www.mashreqbank.com/uae/en/personal/home
2019-07-21 13:10:59 INFO  TestBase:26 - =======Starting verifylinks test========
2019-07-21 13:11:01 INFO  TestBase:34 - =======Finished verifylink test========
2019-07-21 13:11:02 INFO  TestBase:291 - browser closed
2019-07-21 13:20:25 INFO  TestBase:140 - navigating to :-https://www.mashreqbank.com/uae/en/personal/home
2019-07-21 13:21:04 INFO  TestBase:26 - =======Starting verifylinks test========
2019-07-21 13:21:08 INFO  TestBase:34 - =======Finished verifylink test========
2019-07-21 13:21:10 INFO  TestBase:291 - browser closed
2019-07-21 13:23:23 INFO  TestBase:140 - navigating to :-https://www.mashreqbank.com/uae/en/personal/home
2019-07-21 13:24:24 INFO  TestBase:26 - =======Starting verifylinks test========
2019-07-21 13:24:32 INFO  TestBase:34 - =======Finished verifylink test========
2019-07-21 13:24:36 INFO  TestBase:291 - browser closed
2019-07-21 13:36:03 INFO  TestBase:140 - navigating to :-https://www.mashreqbank.com/uae/en/personal/home
2019-07-21 13:36:45 INFO  TestBase:26 - =======Starting verifylinks test========
2019-07-21 13:36:47 INFO  TestBase:34 - =======Finished verifylink test========
2019-07-21 13:36:47 INFO  TestBase:44 - =======Starting click menu link test========
2019-07-21 13:38:27 INFO  TestBase:52 - =======Finished click menu link test========
2019-07-21 13:38:28 INFO  TestBase:291 - browser closed
2019-07-21 13:48:27 INFO  TestBase:140 - navigating to :-https://www.mashreqbank.com/uae/en/personal/home
2019-07-21 13:48:54 INFO  TestBase:26 - =======Starting verifylinks test========
2019-07-21 13:48:55 INFO  TestBase:34 - =======Finished verifylink test========
2019-07-21 13:48:56 INFO  TestBase:44 - =======Starting click menu link test========
2019-07-21 13:50:33 INFO  TestBase:52 - =======Finished click menu link test========
2019-07-21 13:50:34 INFO  TestBase:291 - browser closed
2019-07-21 14:17:59 INFO  TestBase:140 - navigating to :-https://www.mashreqbank.com/uae/en/personal/home
2019-07-21 14:18:15 INFO  TestBase:26 - =======Starting verifylinks test========
2019-07-21 14:18:15 INFO  TestBase:34 - =======Finished verifylink test========
2019-07-21 14:18:15 INFO  TestBase:44 - =======Starting click menu link test========
2019-07-21 14:18:15 INFO  TestBase:52 - =======Finished click menu link test========
2019-07-21 14:18:16 INFO  TestBase:295 - browser closed
2019-07-21 14:24:58 INFO  TestBase:140 - navigating to :-https://www.mashreqbank.com/uae/en/personal/home
2019-07-21 14:25:18 INFO  TestBase:26 - =======Starting verifylinks test========
2019-07-21 14:25:18 INFO  TestBase:34 - =======Finished verifylink test========
2019-07-21 14:25:19 INFO  TestBase:44 - =======Starting click menu link test========
2019-07-21 14:25:21 INFO  TestBase:52 - =======Finished click menu link test========
2019-07-21 14:25:21 INFO  TestBase:295 - browser closed
2019-07-21 14:37:36 INFO  TestBase:140 - navigating to :-https://www.mashreqbank.com/uae/en/personal/home
2019-07-21 14:39:27 INFO  TestBase:140 - navigating to :-https://www.mashreqbank.com/uae/en/personal/home
2019-07-21 14:40:03 INFO  TestBase:26 - =======Starting verifylinks test========
2019-07-21 14:40:05 INFO  TestBase:31 - =======Finished verifylink test========
2019-07-21 14:40:06 INFO  TestBase:41 - =======Starting click menu link test========
2019-07-21 14:40:09 INFO  TestBase:46 - =======Finished click menu link test========
2019-07-21 14:40:09 INFO  TestBase:55 - =======Starting tooltip link  test========
2019-07-21 14:40:10 INFO  TestBase:60 - =======Finished tooltip link  test========
2019-07-21 14:40:10 INFO  TestBase:295 - browser closed
2019-07-21 14:42:55 INFO  TestBase:140 - navigating to :-https://www.mashreqbank.com/uae/en/personal/home
2019-07-21 14:43:22 INFO  TestBase:26 - =======Starting verifylinks test========
2019-07-21 14:43:24 INFO  TestBase:31 - =======Finished verifylink test========
2019-07-21 14:43:25 INFO  TestBase:41 - =======Starting click menu link test========
2019-07-21 14:43:30 INFO  TestBase:46 - =======Finished click menu link test========
2019-07-21 14:43:30 INFO  TestBase:55 - =======Starting tooltip link  test========
2019-07-21 14:43:30 INFO  TestBase:60 - =======Finished tooltip link  test========
2019-07-21 14:43:30 INFO  TestBase:295 - browser closed
2019-07-21 14:53:27 INFO  TestBase:143 - navigating to : https://www.mashreqbank.com/uae/en/personal/home
2019-07-21 14:53:38 INFO  TestBase:298 - browser closed
2019-07-21 14:55:25 INFO  TestBase:143 - navigating to : https://www.mashreqbank.com/uae/en/personal/home
2019-07-21 14:55:36 INFO  TestBase:298 - browser closed
2019-07-21 14:58:36 INFO  TestBase:143 - navigating to : https://www.mashreqbank.com/uae/en/personal/home
2019-07-21 14:59:14 INFO  TestBase:26 - =======Starting verifylinks test========
2019-07-21 14:59:15 INFO  TestBase:31 - =======Finished verifylink test========
2019-07-21 14:59:18 INFO  TestBase:41 - =======Starting click menu link test========
2019-07-21 14:59:24 INFO  TestBase:46 - =======Finished click menu link test========
2019-07-21 14:59:24 INFO  TestBase:55 - =======Starting tooltip link  test========
2019-07-21 14:59:36 INFO  TestBase:60 - =======Finished tooltip link  test========
2019-07-21 14:59:38 INFO  TestBase:299 - browser closed
2019-07-21 15:01:52 INFO  TestBase:143 - navigating to : https://www.mashreqbank.com/uae/en/personal/home
2019-07-21 15:02:29 INFO  TestBase:26 - =======Starting verifylinks test========
2019-07-21 15:02:34 INFO  TestBase:31 - =======Finished verifylink test========
2019-07-21 15:02:36 INFO  TestBase:41 - =======Starting click menu link test========
2019-07-21 15:02:49 INFO  TestBase:46 - =======Finished click menu link test========
2019-07-21 15:02:50 INFO  TestBase:55 - =======Starting tooltip link  test========
2019-07-21 15:03:12 INFO  TestBase:60 - =======Finished tooltip link  test========
2019-07-21 15:03:13 INFO  TestBase:299 - browser closed
2019-07-21 16:39:44 INFO  TestBase:143 - navigating to : https://www.mashreqbank.com/uae/en/personal/home
2019-07-21 16:40:30 INFO  TestBase:26 - =======Starting verifylinks test========
2019-07-21 16:40:34 INFO  TestBase:31 - =======Finished verifylink test========
2019-07-21 16:40:34 INFO  TestBase:41 - =======Starting click menu link test========
2019-07-21 16:40:57 INFO  Retry:37 - Retrying test ClickMenulink with status FAILURE for the 1 time(s).
2019-07-21 16:40:57 INFO  TestBase:41 - =======Starting click menu link test========
2019-07-21 16:41:17 INFO  Retry:37 - Retrying test ClickMenulink with status FAILURE for the 2 time(s).
2019-07-21 16:41:17 INFO  TestBase:41 - =======Starting click menu link test========
2019-07-21 16:41:37 INFO  Retry:37 - Retrying test ClickMenulink with status FAILURE for the 3 time(s).
2019-07-21 16:41:37 INFO  TestBase:41 - =======Starting click menu link test========
2019-07-21 16:42:36 INFO  TestBase:143 - navigating to : https://www.mashreqbank.com/uae/en/personal/home
2019-07-21 16:43:30 INFO  TestBase:26 - =======Starting verifylinks test========
2019-07-21 16:43:34 INFO  TestBase:31 - =======Finished verifylink test========
2019-07-21 16:43:35 INFO  TestBase:41 - =======Starting click menu link test========
2019-07-21 16:43:51 INFO  HomePageMashreqDigital:58 - Clicked on International
2019-07-21 16:43:51 INFO  TestBase:46 - =======Finished click menu link test========
2019-07-21 16:43:59 INFO  TestBase:55 - =======Starting tooltip link  test========
2019-07-21 16:44:15 INFO  TestBase:60 - =======Finished tooltip link  test========
2019-07-21 16:44:17 INFO  TestBase:299 - browser closed
2019-07-21 17:24:23 INFO  TestBase:143 - navigating to : https://www.mashreqbank.com/uae/en/personal/home
2019-07-21 17:25:10 INFO  TestBase:26 - =======Starting reachoutforproduct drop down test========
2019-07-21 17:25:25 INFO  TestBase:299 - browser closed
2019-07-21 17:27:43 INFO  TestBase:143 - navigating to : https://www.mashreqbank.com/uae/en/personal/home
2019-07-21 17:28:32 INFO  TestBase:26 - =======Starting reachoutforproduct drop down test========
2019-07-21 17:29:00 INFO  TestBase:35 - =======Finished reachoutforproduct drop down test========
2019-07-21 17:29:01 INFO  TestBase:299 - browser closed
2019-07-21 17:35:32 INFO  TestBase:143 - navigating to : https://www.mashreqbank.com/uae/en/personal/home
2019-07-21 17:36:36 INFO  TestBase:26 - =======Starting reachoutforproduct drop down test========
2019-07-21 17:37:02 INFO  TestBase:299 - browser closed
2019-07-21 17:39:35 INFO  TestBase:143 - navigating to : https://www.mashreqbank.com/uae/en/personal/home
2019-07-21 17:40:39 INFO  TestBase:26 - =======Starting reachoutforproduct drop down test========
2019-07-21 17:42:08 INFO  TestBase:35 - =======Finished reachoutforproduct drop down test========
2019-07-21 17:42:10 INFO  TestBase:299 - browser closed
2019-07-21 17:44:48 INFO  TestBase:143 - navigating to : https://www.mashreqbank.com/uae/en/personal/home
2019-07-21 17:45:50 INFO  TestBase:26 - =======Starting reachoutforproduct drop down test========
2019-07-21 17:47:39 INFO  TestBase:35 - =======Finished reachoutforproduct drop down test========
2019-07-21 17:47:41 INFO  TestBase:299 - browser closed
2019-07-21 18:29:20 INFO  TestBase:143 - navigating to : https://www.mashreqbank.com/uae/en/personal/home
2019-07-21 18:30:20 INFO  TestBase:26 - =======Starting Conact form  test========
2019-07-21 18:32:01 INFO  TestBase:41 - =======Finished Conact form  test========
2019-07-21 18:32:02 INFO  TestBase:299 - browser closed
2019-07-21 20:10:55 INFO  TestBase:143 - navigating to : https://www.mashreqbank.com/uae/en/personal/home
2019-07-21 20:13:02 INFO  TestBase:299 - browser closed
2019-07-21 21:17:10 INFO  TestBase:143 - navigating to : https://www.mashreqbank.com/uae/en/personal/home
2019-07-21 21:18:24 INFO  TestBase:299 - browser closed
2019-07-21 21:33:20 INFO  TestBase:143 - navigating to : https://www.mashreqbank.com/uae/en/personal/home
2019-07-21 21:35:22 INFO  TestBase:299 - browser closed
2019-07-21 21:59:53 INFO  TestBase:143 - navigating to : https://www.mashreqbank.com/uae/en/personal/home
2019-07-21 22:01:19 INFO  TestBase:299 - browser closed
2019-07-21 22:27:06 INFO  TestBase:143 - navigating to : https://www.mashreqbank.com/uae/en/personal/home
2019-07-21 22:28:28 INFO  TestBase:299 - browser closed
2019-07-22 10:08:09 INFO  TestBase:143 - navigating to : https://www.mashreqbank.com/uae/en/personal/home
2019-07-22 10:08:34 INFO  TestBase:299 - browser closed
2019-07-22 10:14:46 INFO  TestBase:143 - navigating to : https://www.mashreqbank.com/uae/en/personal/home
2019-07-22 10:15:08 INFO  TestBase:42 - =======Starting Conact form  test========
2019-07-22 10:15:15 INFO  TestBase:66 - =======Finished Conact form  test========
2019-07-22 10:15:15 INFO  TestBase:42 - =======Starting Conact form  test========
2019-07-22 10:15:27 INFO  TestBase:66 - =======Finished Conact form  test========
2019-07-22 10:15:27 INFO  TestBase:42 - =======Starting Conact form  test========
2019-07-22 10:15:33 INFO  TestBase:66 - =======Finished Conact form  test========
2019-07-22 10:15:33 INFO  TestBase:42 - =======Starting Conact form  test========
2019-07-22 10:15:40 INFO  TestBase:66 - =======Finished Conact form  test========
2019-07-22 10:15:40 INFO  TestBase:42 - =======Starting Conact form  test========
2019-07-22 10:15:48 INFO  TestBase:66 - =======Finished Conact form  test========
2019-07-22 10:15:49 INFO  TestBase:42 - =======Starting Conact form  test========
2019-07-22 10:15:56 INFO  TestBase:66 - =======Finished Conact form  test========
2019-07-22 10:15:56 INFO  TestBase:42 - =======Starting Conact form  test========
2019-07-22 10:16:02 INFO  TestBase:66 - =======Finished Conact form  test========
2019-07-22 10:16:02 INFO  TestBase:42 - =======Starting Conact form  test========
2019-07-22 10:16:11 INFO  TestBase:66 - =======Finished Conact form  test========
2019-07-22 10:16:11 INFO  TestBase:299 - browser closed
2019-07-22 12:13:11 INFO  TestBase:143 - navigating to : https://www.mashreqbank.com/uae/en/personal/home
2019-07-22 12:13:52 INFO  TestBase:27 - =======Starting Conact form  test========
2019-07-22 12:13:57 INFO  TestBase:35 - =======Finished Conact form  test========
2019-07-22 12:13:58 INFO  TestBase:299 - browser closed
2019-07-22 12:18:49 INFO  TestBase:143 - navigating to : https://www.mashreqbank.com/uae/en/personal/home
2019-07-22 12:19:22 INFO  TestBase:27 - =======Starting Conact form  test========
2019-07-22 12:19:45 INFO  TestBase:43 - =======Finished Conact form  test========
2019-07-22 12:19:46 INFO  TestBase:299 - browser closed
2019-07-22 12:24:32 INFO  TestBase:143 - navigating to : https://www.mashreqbank.com/uae/en/personal/home
2019-07-22 12:25:21 INFO  TestBase:27 - =======Starting Conact form  test========
2019-07-22 12:25:46 INFO  TestBase:44 - =======Finished Conact form  test========
2019-07-22 12:25:47 INFO  TestBase:299 - browser closed
2019-07-22 12:29:27 INFO  TestBase:143 - navigating to : https://www.mashreqbank.com/uae/en/personal/home
2019-07-22 12:29:51 INFO  TestBase:27 - =======Starting Conact form  test========
2019-07-22 12:30:27 INFO  TestBase:44 - =======Finished Conact form  test========
2019-07-22 12:30:28 INFO  TestBase:299 - browser closed
2019-07-22 12:32:48 INFO  TestBase:143 - navigating to : https://www.mashreqbank.com/uae/en/personal/home
2019-07-22 12:33:35 INFO  TestBase:27 - =======Starting Conact form  test========
2019-07-22 12:34:02 INFO  TestBase:44 - =======Finished Conact form  test========
2019-07-22 12:34:03 INFO  TestBase:299 - browser closed
2019-07-22 12:38:11 INFO  TestBase:143 - navigating to : https://www.mashreqbank.com/uae/en/personal/home
2019-07-22 12:38:35 INFO  TestBase:27 - =======Starting Conact form  test========
2019-07-22 12:39:17 INFO  TestBase:299 - browser closed
2019-07-22 12:40:02 INFO  TestBase:143 - navigating to : https://www.mashreqbank.com/uae/en/personal/home
2019-07-22 12:40:37 INFO  TestBase:27 - =======Starting Conact form  test========
2019-07-22 12:41:15 INFO  TestBase:299 - browser closed
2019-07-22 12:45:46 INFO  TestBase:143 - navigating to : https://www.mashreqbank.com/uae/en/personal/home
2019-07-22 12:46:24 INFO  TestBase:27 - =======Starting Conact form  test========
2019-07-22 12:46:50 INFO  TestBase:299 - browser closed
2019-07-22 12:48:37 INFO  TestBase:143 - navigating to : https://www.mashreqbank.com/uae/en/personal/home
2019-07-22 12:48:57 INFO  TestBase:27 - =======Starting Conact form  test========
2019-07-22 12:49:07 INFO  TestBase:47 - =======Finished Conact form  test========
2019-07-22 12:49:07 INFO  TestBase:299 - browser closed
2019-07-22 12:50:40 INFO  TestBase:143 - navigating to : https://www.mashreqbank.com/uae/en/personal/home
2019-07-22 12:51:02 INFO  TestBase:27 - =======Starting Conact form  test========
2019-07-22 12:51:04 INFO  TestBase:47 - =======Finished Conact form  test========
2019-07-22 12:51:05 INFO  TestBase:299 - browser closed
2019-07-22 12:52:42 INFO  TestBase:143 - navigating to : https://www.mashreqbank.com/uae/en/personal/home
2019-07-22 12:53:12 INFO  TestBase:27 - =======Starting Conact form  test========
2019-07-22 12:53:14 INFO  TestBase:47 - =======Finished Conact form  test========
2019-07-22 12:53:14 INFO  TestBase:299 - browser closed
2019-07-22 12:56:00 INFO  TestBase:143 - navigating to : https://www.mashreqbank.com/uae/en/personal/home
2019-07-22 12:56:22 INFO  TestBase:27 - =======Starting Conact form  test========
2019-07-22 12:56:23 INFO  TestBase:47 - =======Finished Conact form  test========
2019-07-22 12:56:24 INFO  TestBase:299 - browser closed
2019-07-22 13:31:16 INFO  TestBase:143 - navigating to : https://www.mashreqbank.com/uae/en/personal/home
2019-07-22 13:31:39 INFO  TestBase:60 - =======Starting Conact form  test========
2019-07-22 13:31:50 INFO  TestBase:299 - browser closed
2019-07-22 13:32:29 INFO  TestBase:143 - navigating to : https://www.mashreqbank.com/uae/en/personal/home
2019-07-22 13:32:55 INFO  TestBase:60 - =======Starting Conact form  test========
2019-07-22 13:32:59 INFO  TestBase:68 - =======Finished Conact form  test========
2019-07-22 13:32:59 INFO  TestBase:299 - browser closed
2019-07-22 13:43:09 INFO  TestBase:143 - navigating to : https://www.mashreqbank.com/uae/en/personal/home
2019-07-22 13:43:40 INFO  TestBase:60 - =======Starting Conact form  test========
2019-07-22 13:43:42 INFO  TestBase:68 - =======Finished Conact form  test========
2019-07-22 13:43:43 INFO  TestBase:299 - browser closed
2019-07-22 16:47:55 INFO  TestBase:143 - navigating to : https://www.mashreqbank.com/uae/en/personal/home
2019-07-22 16:48:27 INFO  TestBase:24 - =======Starting verifylinks test========
2019-07-22 16:48:29 INFO  TestBase:29 - =======Finished verifylink test========
2019-07-22 16:48:31 INFO  TestBase:39 - =======Starting click menu link test========
2019-07-22 16:48:35 INFO  HomePageMashreqDigital:58 - Clicked on International
2019-07-22 16:48:35 INFO  TestBase:45 - =======Finished click menu link test========
2019-07-22 16:48:37 INFO  TestBase:55 - =======Starting tooltip link  test========
2019-07-22 16:48:44 INFO  TestBase:60 - =======Finished tooltip link  test========
2019-07-22 16:48:45 INFO  TestBase:299 - browser closed
2019-07-22 17:07:53 INFO  TestBase:140 - navigating to : https://www.mashreqbank.com/uae/en/personal/home
2019-07-22 17:08:16 INFO  TestBase:60 - =======Starting Conact form  test========
2019-07-22 17:08:19 INFO  TestBase:68 - =======Finished Conact form  test========
2019-07-22 17:08:20 INFO  TestBase:296 - browser closed
2019-07-22 17:08:29 INFO  TestBase:140 - navigating to : https://www.mashreqbank.com/uae/en/personal/home
2019-07-22 17:09:00 INFO  TestBase:36 - =======Starting Conact form  test========
2019-07-22 17:09:00 INFO  TestBase:47 - =======Finished Conact form  test========
2019-07-22 17:09:01 INFO  TestBase:296 - browser closed
2019-07-22 17:39:13 INFO  TestBase:140 - navigating to : https://www.mashreqbank.com/uae/en/personal/home
2019-07-22 17:39:36 INFO  TestBase:36 - =======Starting Contact form  test========
2019-07-22 17:39:37 INFO  TestBase:47 - =======Finished Cotnact form  test========
2019-07-22 17:39:39 INFO  TestBase:296 - browser closed
2019-07-22 17:39:45 INFO  TestBase:140 - navigating to : https://www.mashreqbank.com/uae/en/personal/home
2019-07-22 17:40:12 INFO  TestBase:25 - =======Starting verifylinks test========
2019-07-22 17:40:14 INFO  TestBase:33 - =======Finished verifylink test========
2019-07-22 17:53:28 INFO  TestBase:140 - navigating to : https://www.mashreqbank.com/uae/en/personal/home
2019-07-22 17:53:52 INFO  TestBase:36 - =======Starting Contact form  test========
2019-07-22 17:53:52 INFO  TestBase:47 - =======Finished Cotnact form  test========
2019-07-22 17:53:53 INFO  TestBase:296 - browser closed
2019-07-22 17:53:57 INFO  TestBase:140 - navigating to : https://www.mashreqbank.com/uae/en/personal/home
2019-07-22 17:54:23 INFO  TestBase:25 - =======Starting verifylinks test========
2019-07-22 17:54:24 INFO  TestBase:33 - =======Finished verifylink test========
2019-07-22 18:05:49 INFO  TestBase:140 - navigating to : https://www.mashreqbank.com/uae/en/personal/home
2019-07-22 18:06:18 INFO  TestBase:36 - =======Starting Contact form  test========
2019-07-22 18:06:19 INFO  TestBase:47 - =======Finished Contact form  test========
2019-07-22 18:06:19 INFO  TestBase:296 - browser closed
2019-07-22 18:06:23 INFO  TestBase:140 - navigating to : https://www.mashreqbank.com/uae/en/personal/home
2019-07-22 18:06:46 INFO  TestBase:25 - =======Starting verifylinks test========
2019-07-22 18:06:47 INFO  TestBase:33 - =======Finished verifylink test========
2019-07-22 18:24:44 INFO  TestBase:140 - navigating to : https://www.mashreqbank.com/uae/en/personal/home
2019-07-22 18:24:47 INFO  TestBase:296 - browser closed
2019-07-22 18:25:39 INFO  TestBase:140 - navigating to : https://www.mashreqbank.com/uae/en/personal/home
2019-07-22 18:26:02 INFO  TestBase:36 - =======Starting Contact form  test========
2019-07-22 18:26:03 INFO  TestBase:47 - =======Finished Contact form  test========
2019-07-22 18:26:04 INFO  TestBase:296 - browser closed
2019-07-22 18:26:08 INFO  TestBase:140 - navigating to : https://www.mashreqbank.com/uae/en/personal/home
2019-07-22 18:26:37 INFO  TestBase:25 - =======Starting verifylinks test========
2019-07-22 18:26:38 INFO  TestBase:33 - =======Finished verifylink test========
2019-07-22 18:31:41 INFO  TestBase:140 - navigating to : https://www.mashreqbank.com/uae/en/personal/home
2019-07-22 18:32:09 INFO  TestBase:25 - =======Starting verifylinks test========
2019-07-22 18:32:10 INFO  TestBase:33 - =======Finished verifylink test========
2019-07-22 18:32:10 INFO  TestBase:43 - =======Starting click menu link test========
2019-07-22 18:32:13 INFO  HomePageMashreqDigital:72 - Clicked on International
2019-07-22 18:32:13 INFO  TestBase:49 - =======Finished click menu link test========
2019-07-22 18:32:17 INFO  TestBase:60 - =======Starting tooltip link  test========
2019-07-22 18:32:21 INFO  TestBase:65 - =======Finished tooltip link  test========
2019-07-22 18:32:26 INFO  TestBase:296 - browser closed
2019-07-22 18:35:51 INFO  TestBase:140 - navigating to : https://www.mashreqbank.com/uae/en/personal/home
2019-07-22 18:35:57 INFO  TestBase:25 - =======Starting verifylinks test========
2019-07-22 18:36:07 INFO  TestBase:33 - =======Finished verifylink test========
2019-07-22 18:36:07 INFO  TestBase:43 - =======Starting click menu link test========
2019-07-22 18:36:11 INFO  TestBase:49 - =======Finished click menu link test========
2019-07-22 18:36:29 INFO  TestBase:140 - navigating to : https://www.mashreqbank.com/uae/en/personal/home
2019-07-22 18:36:55 INFO  TestBase:25 - =======Starting verifylinks test========
2019-07-22 18:36:56 INFO  TestBase:33 - =======Finished verifylink test========
2019-07-22 18:36:56 INFO  TestBase:43 - =======Starting click menu link test========
2019-07-22 18:37:01 INFO  HomePageMashreqDigital:72 - Clicked on International
2019-07-22 18:37:01 INFO  TestBase:49 - =======Finished click menu link test========
2019-07-22 18:37:02 INFO  TestBase:60 - =======Starting tooltip link  test========
2019-07-22 18:37:10 INFO  TestBase:65 - =======Finished tooltip link  test========
2019-07-22 18:37:14 INFO  TestBase:296 - browser closed
2019-07-22 18:37:21 INFO  TestBase:140 - navigating to : https://www.mashreqbank.com/uae/en/personal/home
2019-07-22 18:37:52 INFO  TestBase:27 - =======Starting Mobile field test========
2019-07-22 18:38:05 INFO  TestBase:41 - =======Finished Mobile field  test========
2019-07-22 18:38:05 INFO  TestBase:54 - =======Starting <I am looking to…> dropdown list test========
2019-07-22 18:38:07 INFO  TestBase:62 - =======Finished <I am looking to…> dropdown list test========
2019-07-22 18:38:07 INFO  TestBase:75 - =======Starting valid data for contact form  test========
2019-07-22 18:38:24 INFO  TestBase:102 - =======Finished valid data for contact form  test========
2019-07-22 18:38:25 INFO  TestBase:296 - browser closed
2019-07-22 18:38:38 INFO  TestBase:140 - navigating to : https://www.mashreqbank.com/uae/en/personal/home
2019-07-22 18:39:11 INFO  TestBase:36 - =======Starting Contact form  test========
2019-07-22 18:39:14 INFO  TestBase:47 - =======Finished Contact form  test========
2019-07-22 18:39:14 INFO  TestBase:296 - browser closed
2019-07-22 18:45:53 INFO  TestBase:140 - navigating to : https://www.mashreqbank.com/uae/en/personal/home
2019-07-22 18:46:17 INFO  TestBase:25 - =======Starting verifylinks test========
2019-07-22 18:46:18 INFO  TestBase:33 - =======Finished verifylink test========
2019-07-22 18:46:18 INFO  TestBase:43 - =======Starting click menu link test========
2019-07-22 18:46:39 INFO  Retry:37 - Retrying test HomePageTC002_ClickNavlink with status FAILURE for the 1 time(s).
2019-07-22 18:46:39 INFO  TestBase:43 - =======Starting click menu link test========
2019-07-22 18:46:59 INFO  Retry:37 - Retrying test HomePageTC002_ClickNavlink with status FAILURE for the 2 time(s).
2019-07-22 18:46:59 INFO  TestBase:43 - =======Starting click menu link test========
2019-07-22 19:13:24 INFO  TestBase:140 - navigating to : https://www.mashreqbank.com/uae/en/personal/home
2019-07-22 19:13:54 INFO  TestBase:29 - =======Starting Mobile field test========
2019-07-22 19:14:06 INFO  TestBase:59 - =======Starting <I am looking to…> dropdown list test========
2019-07-22 19:14:18 INFO  TestBase:296 - browser closed
2019-07-22 20:59:50 INFO  TestBase:140 - navigating to : https://www.mashreqbank.com/uae/en/personal/home
2019-07-22 21:00:34 INFO  TestBase:27 - =======Starting verifylinks test========
2019-07-22 21:00:39 INFO  TestBase:36 - =======Finished verifylink test========
2019-07-22 21:00:39 INFO  TestBase:46 - =======Starting click menu link test========
2019-07-22 21:00:43 INFO  TestBase:52 - =======Finished click menu link test========
2019-07-22 21:00:44 INFO  TestBase:63 - =======Starting tooltip link  test========
2019-07-22 21:00:45 INFO  TestBase:68 - =======Finished tooltip link  test========
2019-07-22 21:00:46 INFO  TestBase:296 - browser closed
2019-07-22 21:00:53 INFO  TestBase:140 - navigating to : https://www.mashreqbank.com/uae/en/personal/home
2019-07-22 21:01:44 INFO  TestBase:29 - =======Starting Mobile field test========
2019-07-22 21:01:59 INFO  TestBase:59 - =======Starting <I am looking to…> dropdown list test========
2019-07-22 21:02:10 INFO  TestBase:296 - browser closed
2019-07-22 21:02:20 INFO  TestBase:140 - navigating to : https://www.mashreqbank.com/uae/en/personal/home
2019-07-22 21:03:15 INFO  TestBase:38 - =======Starting Contact form  test========
2019-07-22 21:03:16 INFO  TestBase:50 - =======Finished Contact form  test========
2019-07-22 21:03:16 INFO  TestBase:296 - browser closed
2019-07-22 21:07:16 INFO  TestBase:140 - navigating to : https://www.mashreqbank.com/uae/en/personal/home
2019-07-22 21:08:23 INFO  TestBase:27 - =======Starting verifylinks test========
2019-07-22 21:08:30 INFO  TestBase:36 - =======Finished verifylink test========
2019-07-22 21:08:34 INFO  TestBase:46 - =======Starting click menu link test========
2019-07-22 21:08:38 INFO  TestBase:52 - =======Finished click menu link test========
2019-07-22 21:08:47 INFO  TestBase:63 - =======Starting tooltip link  test========
2019-07-22 21:08:53 INFO  TestBase:68 - =======Finished tooltip link  test========
2019-07-22 21:08:54 INFO  TestBase:296 - browser closed
2019-07-22 21:09:19 INFO  TestBase:140 - navigating to : https://www.mashreqbank.com/uae/en/personal/home
2019-07-22 21:10:09 INFO  TestBase:29 - =======Starting Mobile field test========
2019-07-22 21:10:25 INFO  TestBase:59 - =======Starting <I am looking to…> dropdown list test========
2019-07-22 21:10:42 INFO  TestBase:296 - browser closed
2019-07-22 21:11:24 INFO  TestBase:140 - navigating to : https://www.mashreqbank.com/uae/en/personal/home
2019-07-22 21:12:21 INFO  TestBase:38 - =======Starting Contact form  test========
2019-07-22 21:12:27 INFO  TestBase:50 - =======Finished Contact form  test========
2019-07-22 21:12:28 INFO  TestBase:296 - browser closed
2019-07-22 22:27:43 INFO  TestBase:140 - navigating to : https://www.mashreqbank.com/uae/en/personal/home
2019-07-22 22:29:37 INFO  TestBase:27 - =======Starting verifylinks test========
2019-07-22 22:29:38 INFO  TestBase:36 - =======Finished verifylink test========
2019-07-22 22:29:38 INFO  TestBase:46 - =======Starting click menu link test========
2019-07-22 22:29:39 INFO  TestBase:52 - =======Finished click menu link test========
2019-07-22 22:29:40 INFO  TestBase:63 - =======Starting tooltip link  test========
2019-07-22 22:29:40 INFO  TestBase:68 - =======Finished tooltip link  test========
2019-07-22 22:29:41 INFO  TestBase:296 - browser closed
2019-07-22 22:29:45 INFO  TestBase:140 - navigating to : https://www.mashreqbank.com/uae/en/personal/home
2019-07-22 22:32:08 INFO  TestBase:29 - =======Starting Mobile field test========
2019-07-22 22:32:19 INFO  TestBase:59 - =======Starting <I am looking to…> dropdown list test========
2019-07-22 22:32:30 INFO  TestBase:81 - =======Starting valid data for contact form  test========
2019-07-22 22:32:42 INFO  TestBase:296 - browser closed
2019-07-22 22:32:50 INFO  TestBase:140 - navigating to : https://www.mashreqbank.com/uae/en/personal/home
2019-07-22 22:34:44 INFO  TestBase:38 - =======Starting Contact form  test========
2019-07-22 22:34:44 INFO  TestBase:50 - =======Finished Contact form  test========
2019-07-22 22:34:45 INFO  TestBase:296 - browser closed
2019-07-22 22:45:22 INFO  TestBase:140 - navigating to : https://www.mashreqbank.com/uae/en/personal/home
2019-07-22 22:47:20 INFO  TestBase:27 - =======Starting verifylinks test========
2019-07-22 22:47:22 INFO  TestBase:36 - =======Finished verifylink test========
2019-07-22 22:47:22 INFO  TestBase:46 - =======Starting click menu link test========
2019-07-22 22:47:23 INFO  TestBase:52 - =======Finished click menu link test========
2019-07-22 22:47:24 INFO  TestBase:63 - =======Starting tooltip link  test========
2019-07-22 22:47:24 INFO  TestBase:75 - =======Finished tooltip link  test========
2019-07-22 22:47:25 INFO  TestBase:296 - browser closed
2019-07-22 22:50:15 INFO  TestBase:140 - navigating to : https://www.mashreqbank.com/uae/en/personal/home
2019-07-22 22:51:59 INFO  TestBase:27 - =======Starting verifylinks test========
2019-07-22 22:52:00 INFO  TestBase:36 - =======Finished verifylink test========
2019-07-22 22:52:01 INFO  TestBase:46 - =======Starting click menu link test========
2019-07-22 22:52:01 INFO  TestBase:52 - =======Finished click menu link test========
2019-07-22 22:52:02 INFO  TestBase:63 - =======Starting tooltip link  test========
2019-07-22 22:52:03 INFO  TestBase:75 - =======Finished tooltip link  test========
2019-07-22 22:52:06 INFO  TestBase:296 - browser closed
2020-06-02 15:22:29 INFO  TestBase:296 - browser closed
2020-06-02 15:24:28 INFO  TestBase:296 - browser closed
2020-06-02 15:27:00 INFO  TestBase:296 - browser closed
2020-06-02 15:31:15 INFO  TestBase:140 - navigating to : https://www.mashreqbank.com/uae/en/personal/home
2020-06-02 15:36:16 INFO  TestBase:296 - browser closed
2020-06-02 17:16:49 INFO  TestBase:296 - browser closed
2020-06-02 17:17:46 INFO  TestBase:296 - browser closed
2020-06-10 15:26:04 INFO  TestBase:296 - browser closed
2020-06-10 17:04:02 INFO  TestBase:296 - browser closed
2020-06-10 17:05:33 INFO  TestBase:140 - navigating to : https://www.mashreqbank.com/uae/en/personal/home
2020-06-10 17:07:46 INFO  TestBase:38 - =======Starting Contact form  test========
2020-06-10 17:07:47 INFO  TestBase:296 - browser closed
2020-06-10 17:19:30 INFO  TestBase:140 - navigating to : https://www.mashreqbank.com/uae/en/personal/home
2020-06-10 17:19:31 INFO  TestBase:27 - =======Starting verifylinks test========
2020-06-10 17:19:41 INFO  TestBase:36 - =======Finished verifylink test========
2020-06-10 17:19:42 INFO  TestBase:46 - =======Starting click menu link test========
2020-06-10 17:19:42 INFO  TestBase:63 - =======Starting tooltip link  test========
2020-06-10 17:19:43 INFO  TestBase:296 - browser closed
2020-06-10 17:21:36 INFO  TestBase:140 - navigating to : https://www.mashreqbank.com/uae/en/personal/home
2020-06-10 17:22:36 INFO  TestBase:27 - =======Starting verifylinks test========
2020-06-10 17:22:36 INFO  TestBase:36 - =======Finished verifylink test========
2020-06-10 17:22:38 INFO  TestBase:46 - =======Starting click menu link test========
2020-06-10 17:22:38 INFO  TestBase:63 - =======Starting tooltip link  test========
2020-06-10 17:22:39 INFO  TestBase:296 - browser closed
2020-06-12 19:13:36 INFO  TestBase:140 - navigating to : https://www.mashreqbank.com/uae/en/personal/home
2020-06-12 19:15:46 INFO  TestBase:27 - =======Starting verifylinks test========
2020-06-12 19:15:47 INFO  TestBase:36 - =======Finished verifylink test========
2020-06-12 19:15:47 INFO  TestBase:46 - =======Starting click menu link test========
2020-06-12 19:15:48 INFO  TestBase:63 - =======Starting tooltip link  test========
2020-06-12 19:15:48 INFO  TestBase:296 - browser closed
2020-06-12 19:17:53 INFO  TestBase:140 - navigating to : https://www.mashreqbank.com/uae/en/personal/home
2020-06-12 19:19:20 INFO  TestBase:27 - =======Starting verifylinks test========
2020-06-12 19:19:21 INFO  TestBase:36 - =======Finished verifylink test========
2020-06-12 19:19:22 INFO  TestBase:46 - =======Starting click menu link test========
2020-06-12 19:19:23 INFO  TestBase:63 - =======Starting tooltip link  test========
2020-06-12 19:19:23 INFO  TestBase:296 - browser closed
2020-06-12 19:19:26 INFO  TestBase:140 - navigating to : https://www.mashreqbank.com/uae/en/personal/home
2020-06-12 19:21:45 INFO  TestBase:29 - =======Starting Mobile field test========
2020-06-12 19:21:45 INFO  TestBase:59 - =======Starting <I am looking to…> dropdown list test========
2020-06-12 19:21:46 INFO  TestBase:81 - =======Starting valid data for contact form  test========
2020-06-12 19:21:46 INFO  TestBase:296 - browser closed
2020-06-12 19:21:49 INFO  TestBase:140 - navigating to : https://www.mashreqbank.com/uae/en/personal/home
2020-06-12 19:24:41 INFO  TestBase:38 - =======Starting Contact form  test========
2020-06-12 19:24:42 INFO  TestBase:296 - browser closed
